<?xml version='1.0' encoding='UTF-8'?>
<dataset>
	<JURISDICTION ID="1" NAME="City of Seattle" />
	<JURISDICTION ID="2" NAME="City of Tacoma" />
	<JURISDICTION ID="3" NAME="City of Olympia" />
	<POSTING ID="1" CLOSEDATE="2014-06-19 15:45:00.000"
		EMPLOYMENTTYPE="FULL_TIME" OPENDATE="2014-04-01 15:45:00.000"
		PARSEDATE="2014-05-19 15:45:00.000" TITLE="Seattle Job One"
		JURISDICTION_ID="1" />
	<POSTING ID="2" EMPLOYMENTTYPE="SEASONAL" OPENDATE="2014-04-01 15:45:00.000"
		PARSEDATE="2014-05-19 15:45:00.000" TITLE="Seattle Job Two"
		JURISDICTION_ID="1" />
	<POSTING ID="3" CLOSEDATE="2014-06-19 15:45:00.000"
		EMPLOYMENTTYPE="INTERNSHIP" OPENDATE="2014-04-03 15:45:00.000"
		PARSEDATE="2014-05-19 15:45:00.000" TITLE="Tacoma Job One"
		JURISDICTION_ID="2" />
	<POSTING ID="4" EMPLOYMENTTYPE="FULL_TIME" OPENDATE="2014-04-02 15:45:00.000"
		PARSEDATE="2014-05-19 15:45:00.000" TITLE="Olympia Job One"
		JURISDICTION_ID="3" />
</dataset>
